2017-04-28 13:57:44 TRACE root:14 - This is my test message!
2017-04-28 13:57:44 DEBUG root:15 - This is my test message!
2017-04-28 13:57:44 INFO  root:16 - This is my test message!
2017-04-28 13:57:44 WARN  root:17 - This is my test message!
2017-04-28 13:57:44 ERROR root:18 - This is my test message!
2017-04-28 13:57:44 FATAL root:19 - This is my test message!
2017-04-28 14:02:38 TRACE bobbert:17 - This is my test message!
2017-04-28 14:02:38 DEBUG bobbert:18 - This is my test message!
2017-04-28 14:02:38 INFO  bobbert:19 - This is my test message!
2017-04-28 14:02:38 WARN  bobbert:20 - This is my test message!
2017-04-28 14:02:38 ERROR bobbert:21 - This is my test message!
2017-04-28 14:02:38 FATAL bobbert:22 - This is my test message!
2017-04-28 14:02:53 TRACE LoggingExample:17 - This is my test message!
2017-04-28 14:02:53 DEBUG LoggingExample:18 - This is my test message!
2017-04-28 14:02:53 INFO  LoggingExample:19 - This is my test message!
2017-04-28 14:02:53 WARN  LoggingExample:20 - This is my test message!
2017-04-28 14:02:53 ERROR LoggingExample:21 - This is my test message!
2017-04-28 14:02:53 FATAL LoggingExample:22 - This is my test message!
2017-04-28 14:03:09 WARN  LoggingExample:20 - This is my test message!
2017-04-28 14:03:09 ERROR LoggingExample:21 - This is my test message!
2017-04-28 14:03:09 FATAL LoggingExample:22 - This is my test message!
